[2022-10-13 10:53:05.0509] - [NMREvents.BusinessLogic.Middleware.RequestResponseLoggingMiddleware] [Http Request Information:
Schema:https Host: localhost:44336 Path: /swagger/index.html QueryString:  Request Body: ] [Info] 
[2022-10-13 10:53:06.8336] - [NMREvents.BusinessLogic.Middleware.RequestResponseLoggingMiddleware] [Http Request Information:
Schema:https Host: localhost:44336 Path: /swagger/v1/swagger.json QueryString:  Request Body: ] [Info] 
[2022-10-13 11:06:06.4771] - [NMREvents.BusinessLogic.Middleware.RequestResponseLoggingMiddleware] [Http Request Information:
Schema:https Host: localhost:44336 Path: /swagger/index.html QueryString:  Request Body: ] [Info] 
[2022-10-13 11:06:07.5783] - [NMREvents.BusinessLogic.Middleware.RequestResponseLoggingMiddleware] [Http Request Information:
Schema:https Host: localhost:44336 Path: /swagger/v1/swagger.json QueryString:  Request Body: ] [Info] 
[2022-10-13 16:48:39.0739] - [NMREvents.BusinessLogic.Middleware.RequestResponseLoggingMiddleware] [Http Request Information:
Schema:https Host: localhost:44336 Path: /swagger/index.html QueryString:  Request Body: ] [Info] 
[2022-10-13 16:48:39.4076] - [NMREvents.BusinessLogic.Middleware.RequestResponseLoggingMiddleware] [Http Request Information:
Schema:https Host: localhost:44336 Path: /swagger/v1/swagger.json QueryString:  Request Body: ] [Info] 
[2022-10-13 16:49:27.1969] - [NMREvents.BusinessLogic.Middleware.RequestResponseLoggingMiddleware] [Http Request Information:
Schema:https Host: localhost:44336 Path: /r2api/events/eventid QueryString: ?id=1 Request Body: ] [Info] 
[2022-10-13 18:01:22.0627] - [NMREvents.BusinessLogic.Middleware.RequestResponseLoggingMiddleware] [Http Request Information:
Schema:https Host: localhost:44336 Path: /swagger/index.html QueryString:  Request Body: ] [Info] 
[2022-10-13 18:01:22.3414] - [NMREvents.BusinessLogic.Middleware.RequestResponseLoggingMiddleware] [Http Request Information:
Schema:https Host: localhost:44336 Path: /swagger/swagger-ui.css QueryString:  Request Body: ] [Info] 
[2022-10-13 18:01:22.3447] - [NMREvents.BusinessLogic.Middleware.RequestResponseLoggingMiddleware] [Http Request Information:
Schema:https Host: localhost:44336 Path: /swagger/swagger-ui-bundle.js QueryString:  Request Body: ] [Info] 
[2022-10-13 18:01:22.3447] - [NMREvents.BusinessLogic.Middleware.RequestResponseLoggingMiddleware] [Http Request Information:
Schema:https Host: localhost:44336 Path: /swagger/swagger-ui-standalone-preset.js QueryString:  Request Body: ] [Info] 
[2022-10-13 18:01:22.8267] - [NMREvents.BusinessLogic.Middleware.RequestResponseLoggingMiddleware] [Http Request Information:
Schema:https Host: localhost:44336 Path: /swagger/v1/swagger.json QueryString:  Request Body: ] [Info] 
