[2022-10-06 22:04:29.2779] - [NMREvents.BusinessLogic.Middleware.RequestResponseLoggingMiddleware] [Http Request Information:
Schema:https Host: localhost:44336 Path: /api/Profile QueryString: ?userId=963 Request Body: ] [Info] 
[2022-10-06 22:09:44.9380] - [NMREvents.BusinessLogic.Middleware.RequestResponseLoggingMiddleware] [Http Request Information:
Schema:https Host: localhost:44336 Path: /swagger/index.html QueryString:  Request Body: ] [Info] 
[2022-10-06 22:09:45.2794] - [NMREvents.BusinessLogic.Middleware.RequestResponseLoggingMiddleware] [Http Request Information:
Schema:https Host: localhost:44336 Path: /swagger/v1/swagger.json QueryString:  Request Body: ] [Info] 
[2022-10-06 22:10:58.9281] - [NMREvents.BusinessLogic.Middleware.RequestResponseLoggingMiddleware] [Http Request Information:
Schema:https Host: localhost:44336 Path: /api/Profile QueryString: ?userId=222 Request Body: ] [Info] 
[2022-10-06 22:14:14.0214] - [NMREvents.BusinessLogic.Middleware.RequestResponseLoggingMiddleware] [Http Request Information:
Schema:https Host: localhost:44336 Path: /swagger/index.html QueryString:  Request Body: ] [Info] 
[2022-10-06 22:14:14.5906] - [NMREvents.BusinessLogic.Middleware.RequestResponseLoggingMiddleware] [Http Request Information:
Schema:https Host: localhost:44336 Path: /swagger/v1/swagger.json QueryString:  Request Body: ] [Info] 
[2022-10-06 22:14:26.6497] - [NMREvents.BusinessLogic.Middleware.RequestResponseLoggingMiddleware] [Http Request Information:
Schema:https Host: localhost:44336 Path: /api/Profile QueryString: ?userId=11 Request Body: ] [Info] 
[2022-10-06 22:14:36.3670] - [NMREvents.BusinessLogic.Middleware.RequestResponseLoggingMiddleware] [Http Request Information:
Schema:https Host: localhost:44336 Path: /api/Profile QueryString: ?userId=222 Request Body: ] [Info] 
[2022-10-06 22:51:59.5487] - [NMREvents.BusinessLogic.Middleware.RequestResponseLoggingMiddleware] [Http Request Information:
Schema:https Host: localhost:44336 Path: /swagger/index.html QueryString:  Request Body: ] [Info] 
[2022-10-06 22:51:59.9305] - [NMREvents.BusinessLogic.Middleware.RequestResponseLoggingMiddleware] [Http Request Information:
Schema:https Host: localhost:44336 Path: /swagger/v1/swagger.json QueryString:  Request Body: ] [Info] 
[2022-10-06 22:53:30.9211] - [NMREvents.BusinessLogic.Middleware.RequestResponseLoggingMiddleware] [Http Request Information:
Schema:https Host: localhost:44336 Path: /swagger/index.html QueryString:  Request Body: ] [Info] 
[2022-10-06 22:53:31.3049] - [NMREvents.BusinessLogic.Middleware.RequestResponseLoggingMiddleware] [Http Request Information:
Schema:https Host: localhost:44336 Path: /swagger/v1/swagger.json QueryString:  Request Body: ] [Info] 
[2022-10-06 22:54:23.9625] - [NMREvents.BusinessLogic.Middleware.RequestResponseLoggingMiddleware] [Http Request Information:
Schema:https Host: localhost:44336 Path: /api/Profile QueryString: ?userId=123 Request Body: ] [Info] 
[2022-10-06 23:19:01.9580] - [NMREvents.BusinessLogic.Middleware.RequestResponseLoggingMiddleware] [Http Request Information:
Schema:https Host: localhost:44336 Path: /swagger/index.html QueryString:  Request Body: ] [Info] 
[2022-10-06 23:19:02.3890] - [NMREvents.BusinessLogic.Middleware.RequestResponseLoggingMiddleware] [Http Request Information:
Schema:https Host: localhost:44336 Path: /swagger/v1/swagger.json QueryString:  Request Body: ] [Info] 
[2022-10-06 23:19:15.1301] - [NMREvents.BusinessLogic.Middleware.RequestResponseLoggingMiddleware] [Http Request Information:
Schema:https Host: localhost:44336 Path: /api/Profile QueryString: ?userId=123 Request Body: ] [Info] 
[2022-10-06 23:19:41.8653] - [NMREvents.BusinessLogic.Middleware.RequestResponseLoggingMiddleware] [Http Request Information:
Schema:https Host: localhost:44336 Path: /api/Profile QueryString: ?userId=123 Request Body: ] [Info] 
[2022-10-06 23:19:47.2694] - [NMREvents.BusinessLogic.MediatRPiplelineBehavior.PerformanceLoggingBehavior] [Task Performance (Demo): GetAllUsersCommand (49 milliseconds)] [Info] 
[2022-10-06 23:20:29.0486] - [NMREvents.BusinessLogic.Middleware.RequestResponseLoggingMiddleware] [Http Request Information:
Schema:https Host: localhost:44336 Path: /swagger/index.html QueryString:  Request Body: ] [Info] 
[2022-10-06 23:20:29.4965] - [NMREvents.BusinessLogic.Middleware.RequestResponseLoggingMiddleware] [Http Request Information:
Schema:https Host: localhost:44336 Path: /swagger/v1/swagger.json QueryString:  Request Body: ] [Info] 
[2022-10-06 23:20:32.3055] - [NMREvents.BusinessLogic.Middleware.RequestResponseLoggingMiddleware] [Http Request Information:
Schema:https Host: localhost:44336 Path: /api/Profile QueryString: ?userId=123 Request Body: ] [Info] 
[2022-10-06 23:21:41.0086] - [NMREvents.BusinessLogic.Middleware.RequestResponseLoggingMiddleware] [Http Request Information:
Schema:https Host: localhost:44336 Path: /swagger/index.html QueryString:  Request Body: ] [Info] 
[2022-10-06 23:21:41.2275] - [NMREvents.BusinessLogic.Middleware.RequestResponseLoggingMiddleware] [Http Request Information:
Schema:https Host: localhost:44336 Path: /swagger/v1/swagger.json QueryString:  Request Body: ] [Info] 
[2022-10-06 23:21:44.3506] - [NMREvents.BusinessLogic.Middleware.RequestResponseLoggingMiddleware] [Http Request Information:
Schema:https Host: localhost:44336 Path: /swagger/index.html QueryString:  Request Body: ] [Info] 
[2022-10-06 23:21:44.5024] - [NMREvents.BusinessLogic.Middleware.RequestResponseLoggingMiddleware] [Http Request Information:
Schema:https Host: localhost:44336 Path: /swagger/v1/swagger.json QueryString:  Request Body: ] [Info] 
[2022-10-06 23:21:59.2250] - [NMREvents.BusinessLogic.Middleware.RequestResponseLoggingMiddleware] [Http Request Information:
Schema:https Host: localhost:44336 Path: /swagger/index.html QueryString:  Request Body: ] [Info] 
[2022-10-06 23:21:59.6517] - [NMREvents.BusinessLogic.Middleware.RequestResponseLoggingMiddleware] [Http Request Information:
Schema:https Host: localhost:44336 Path: /swagger/v1/swagger.json QueryString:  Request Body: ] [Info] 
[2022-10-06 23:23:58.2042] - [NMREvents.BusinessLogic.Middleware.RequestResponseLoggingMiddleware] [Http Request Information:
Schema:https Host: localhost:44336 Path: /api/Profile QueryString: ?userId=123 Request Body: ] [Info] 
[2022-10-06 23:30:03.4897] - [NMREvents.BusinessLogic.Middleware.RequestResponseLoggingMiddleware] [Http Request Information:
Schema:https Host: localhost:44336 Path: /swagger/index.html QueryString:  Request Body: ] [Info] 
[2022-10-06 23:30:03.9175] - [NMREvents.BusinessLogic.Middleware.RequestResponseLoggingMiddleware] [Http Request Information:
Schema:https Host: localhost:44336 Path: /swagger/v1/swagger.json QueryString:  Request Body: ] [Info] 
[2022-10-06 23:30:16.4839] - [NMREvents.BusinessLogic.Middleware.RequestResponseLoggingMiddleware] [Http Request Information:
Schema:https Host: localhost:44336 Path: /sql/v1/Users QueryString: ?userId=1 Request Body: ] [Info] 
