[2022-10-06 22:04:33.0122] [Task Performance (Demo): GetAllUsersCommand (3625 milliseconds)] 
[2022-10-06 22:09:45.0041] [FluentValidationOperationFilter should be registered in services. Hint: Use registration method 'AddFluentValidationRulesToSwagger'] 
[2022-10-06 22:09:45.0041] [FluentValidationRules should be registered in services. Hint: Use registration method 'AddFluentValidationRulesToSwagger'] 
[2022-10-06 22:14:14.0908] [FluentValidationOperationFilter should be registered in services. Hint: Use registration method 'AddFluentValidationRulesToSwagger'] 
[2022-10-06 22:14:14.1008] [FluentValidationRules should be registered in services. Hint: Use registration method 'AddFluentValidationRulesToSwagger'] 
[2022-10-06 22:51:59.6157] [FluentValidationOperationFilter should be registered in services. Hint: Use registration method 'AddFluentValidationRulesToSwagger'] 
[2022-10-06 22:51:59.6264] [FluentValidationRules should be registered in services. Hint: Use registration method 'AddFluentValidationRulesToSwagger'] 
[2022-10-06 22:53:31.0011] [FluentValidationOperationFilter should be registered in services. Hint: Use registration method 'AddFluentValidationRulesToSwagger'] 
[2022-10-06 22:53:31.0011] [FluentValidationRules should be registered in services. Hint: Use registration method 'AddFluentValidationRulesToSwagger'] 
[2022-10-06 22:54:24.4864] [Microsoft.IdentityModel Version: 6.23.1.0. Date 10/06/2022 17:24:24. PII logging is OFF. See https://aka.ms/IdentityModel/PII for details. 
IDX20809: Unable to retrieve document from: '[PII of type 'System.Uri' is hidden. For more details, see https://aka.ms/IdentityModel/PII.]'. Status code: '[PII of type 'System.Net.HttpStatusCode' is hidden. For more details, see https://aka.ms/IdentityModel/PII.]'. 
Response content: '[PII of type 'System.String' is hidden. For more details, see https://aka.ms/IdentityModel/PII.]'.] 
[2022-10-06 22:54:24.4864] [IDX20807: Unable to retrieve document from: '[PII of type 'System.String' is hidden. For more details, see https://aka.ms/IdentityModel/PII.]'. HttpResponseMessage: '[PII of type 'System.Net.Http.HttpResponseMessage' is hidden. For more details, see https://aka.ms/IdentityModel/PII.]', HttpResponseMessage.Content: '[PII of type 'System.String' is hidden. For more details, see https://aka.ms/IdentityModel/PII.]'.] 
[2022-10-06 22:54:24.5013] [Message: IDX20803: Unable to obtain configuration from: '[PII of type 'System.String' is hidden. For more details, see https://aka.ms/IdentityModel/PII.]'., InnerException: System.IO.IOException. ] 
[2022-10-06 23:19:02.0428] [FluentValidationOperationFilter should be registered in services. Hint: Use registration method 'AddFluentValidationRulesToSwagger'] 
[2022-10-06 23:19:02.0547] [FluentValidationRules should be registered in services. Hint: Use registration method 'AddFluentValidationRulesToSwagger'] 
[2022-10-06 23:19:28.4640] [Task Performance (Demo): GetAllUsersCommand (4222 milliseconds)] 
[2022-10-06 23:20:29.1251] [FluentValidationOperationFilter should be registered in services. Hint: Use registration method 'AddFluentValidationRulesToSwagger'] 
[2022-10-06 23:20:29.1251] [FluentValidationRules should be registered in services. Hint: Use registration method 'AddFluentValidationRulesToSwagger'] 
[2022-10-06 23:21:59.3135] [FluentValidationOperationFilter should be registered in services. Hint: Use registration method 'AddFluentValidationRulesToSwagger'] 
[2022-10-06 23:21:59.3135] [FluentValidationRules should be registered in services. Hint: Use registration method 'AddFluentValidationRulesToSwagger'] 
[2022-10-06 23:30:03.5739] [FluentValidationOperationFilter should be registered in services. Hint: Use registration method 'AddFluentValidationRulesToSwagger'] 
[2022-10-06 23:30:03.5855] [FluentValidationRules should be registered in services. Hint: Use registration method 'AddFluentValidationRulesToSwagger'] 
